0 verbose cli /usr/bin/node /usr/bin/npm
1 info using npm@10.8.2
2 info using node@v20.18.0
3 silly config load:file:/usr/lib/node_modules/npm/npmrc
4 silly config load:file:/home/user/.npmrc
5 silly config load:file:/usr/etc/npmrc
6 verbose title npm install
7 verbose argv "install"
8 verbose logfile logs-max:10 dir:/home/user/.npm/_logs/2025-02-16T16_31_57_091Z-
9 verbose logfile /home/user/.npm/_logs/2025-02-16T16_31_57_091Z-debug-0.log
10 silly packumentCache heap:2116812800 maxSize:529203200 maxEntrySize:264601600
11 silly logfile done cleaning log files
12 silly idealTree buildDeps
13 silly fetch manifest vite@^5.4.14
14 silly packumentCache full:https://registry.npmjs.org/vite cache-miss
15 http fetch GET 200 https://registry.npmjs.org/npm 277ms
16 http fetch GET 200 https://registry.npmjs.org/vite 3195ms (cache miss)
17 silly packumentCache full:https://registry.npmjs.org/vite set size:undefined disposed:false
18 silly fetch manifest @types/node@^18.0.0 || >=20.0.0
19 silly packumentCache full:https://registry.npmjs.org/@types%2fnode cache-miss
20 http fetch GET 200 https://registry.npmjs.org/@types%2fnode 195ms (cache miss)
21 silly packumentCache full:https://registry.npmjs.org/@types%2fnode set size:undefined disposed:false
22 silly fetch manifest less@*
23 silly packumentCache full:https://registry.npmjs.org/less cache-miss
24 http fetch GET 200 https://registry.npmjs.org/less 251ms (cache miss)
25 silly packumentCache full:https://registry.npmjs.org/less set size:undefined disposed:false
26 silly fetch manifest lightningcss@^1.21.0
27 silly packumentCache full:https://registry.npmjs.org/lightningcss cache-miss
28 http fetch GET 200 https://registry.npmjs.org/lightningcss 248ms (cache miss)
29 silly packumentCache full:https://registry.npmjs.org/lightningcss set size:undefined disposed:false
30 silly fetch manifest sass@*
31 silly packumentCache full:https://registry.npmjs.org/sass cache-miss
32 http fetch GET 200 https://registry.npmjs.org/sass 101ms (cache miss)
33 silly packumentCache full:https://registry.npmjs.org/sass set size:undefined disposed:false
34 silly fetch manifest sass-embedded@*
35 silly packumentCache full:https://registry.npmjs.org/sass-embedded cache-miss
36 http fetch GET 200 https://registry.npmjs.org/sass-embedded 118ms (cache miss)
37 silly packumentCache full:https://registry.npmjs.org/sass-embedded set size:undefined disposed:false
38 silly fetch manifest stylus@*
39 silly packumentCache full:https://registry.npmjs.org/stylus cache-miss
40 http fetch GET 200 https://registry.npmjs.org/stylus 38ms (cache miss)
41 silly packumentCache full:https://registry.npmjs.org/stylus set size:undefined disposed:false
42 silly fetch manifest sugarss@*
43 silly packumentCache full:https://registry.npmjs.org/sugarss cache-miss
44 http fetch GET 200 https://registry.npmjs.org/sugarss 46ms (cache miss)
45 silly packumentCache full:https://registry.npmjs.org/sugarss set size:undefined disposed:false
46 silly fetch manifest postcss@^8.3.3
47 silly packumentCache full:https://registry.npmjs.org/postcss cache-miss
48 http fetch GET 200 https://registry.npmjs.org/postcss 45ms (cache miss)
49 silly packumentCache full:https://registry.npmjs.org/postcss set size:undefined disposed:false
50 silly fetch manifest terser@^5.4.0
51 silly packumentCache full:https://registry.npmjs.org/terser cache-miss
52 http fetch GET 200 https://registry.npmjs.org/terser 58ms (cache miss)
53 silly packumentCache full:https://registry.npmjs.org/terser set size:undefined disposed:false
54 silly placeDep ROOT vite@5.4.14 OK for: personal-finance-tracker@1.0.0 want: ^5.4.14
55 silly fetch manifest rollup@^4.20.0
56 silly packumentCache full:https://registry.npmjs.org/rollup cache-miss
57 silly fetch manifest esbuild@^0.21.3
58 silly packumentCache full:https://registry.npmjs.org/esbuild cache-miss
59 silly fetch manifest postcss@^8.4.43
60 silly packumentCache full:https://registry.npmjs.org/postcss cache-miss
61 silly fetch manifest fsevents@~2.3.3
62 silly packumentCache full:https://registry.npmjs.org/fsevents cache-miss
63 http fetch GET 200 https://registry.npmjs.org/postcss 17ms (cache hit)
64 silly packumentCache full:https://registry.npmjs.org/postcss set size:684249 disposed:false
65 http fetch GET 200 https://registry.npmjs.org/esbuild 285ms (cache miss)
66 silly packumentCache full:https://registry.npmjs.org/esbuild set size:undefined disposed:false
67 http fetch GET 200 https://registry.npmjs.org/fsevents 300ms (cache miss)
68 silly packumentCache full:https://registry.npmjs.org/fsevents set size:undefined disposed:false
69 http fetch GET 200 https://registry.npmjs.org/rollup 580ms (cache miss)
70 silly packumentCache full:https://registry.npmjs.org/rollup set size:undefined disposed:false
71 silly placeDep ROOT esbuild@0.21.5 OK for: vite@5.4.14 want: ^0.21.3
72 silly placeDep ROOT fsevents@2.3.3 OK for: vite@5.4.14 want: ~2.3.3
73 silly placeDep ROOT postcss@8.5.2 OK for: vite@5.4.14 want: ^8.4.43
74 silly placeDep ROOT rollup@4.34.7 OK for: vite@5.4.14 want: ^4.20.0
75 silly fetch manifest @esbuild/aix-ppc64@0.21.5
76 silly packumentCache full:https://registry.npmjs.org/@esbuild%2faix-ppc64 cache-miss
77 silly fetch manifest @esbuild/linux-arm@0.21.5
78 silly packumentCache full:https://registry.npmjs.org/@esbuild%2flinux-arm cache-miss
79 silly fetch manifest @esbuild/linux-x64@0.21.5
80 silly packumentCache full:https://registry.npmjs.org/@esbuild%2flinux-x64 cache-miss
81 silly fetch manifest @esbuild/sunos-x64@0.21.5
82 silly packumentCache full:https://registry.npmjs.org/@esbuild%2fsunos-x64 cache-miss
83 silly fetch manifest @esbuild/win32-x64@0.21.5
84 silly packumentCache full:https://registry.npmjs.org/@esbuild%2fwin32-x64 cache-miss
85 silly fetch manifest @esbuild/darwin-x64@0.21.5
86 silly packumentCache full:https://registry.npmjs.org/@esbuild%2fdarwin-x64 cache-miss
87 silly fetch manifest @esbuild/linux-ia32@0.21.5
88 silly packumentCache full:https://registry.npmjs.org/@esbuild%2flinux-ia32 cache-miss
89 http fetch GET 200 https://registry.npmjs.org/@esbuild%2faix-ppc64 118ms (cache miss)
90 silly packumentCache full:https://registry.npmjs.org/@esbuild%2faix-ppc64 set size:undefined disposed:false
91 silly fetch manifest @esbuild/netbsd-x64@0.21.5
92 silly packumentCache full:https://registry.npmjs.org/@esbuild%2fnetbsd-x64 cache-miss
93 http fetch GET 200 https://registry.npmjs.org/@esbuild%2flinux-arm 134ms (cache miss)
94 silly packumentCache full:https://registry.npmjs.org/@esbuild%2flinux-arm set size:undefined disposed:false
95 silly fetch manifest @esbuild/win32-ia32@0.21.5
96 silly packumentCache full:https://registry.npmjs.org/@esbuild%2fwin32-ia32 cache-miss
97 http fetch GET 200 https://registry.npmjs.org/@esbuild%2flinux-x64 142ms (cache miss)
98 silly packumentCache full:https://registry.npmjs.org/@esbuild%2flinux-x64 set size:undefined disposed:false
99 silly fetch manifest @esbuild/android-arm@0.21.5
100 silly packumentCache full:https://registry.npmjs.org/@esbuild%2fandroid-arm cache-miss
101 http fetch GET 200 https://registry.npmjs.org/@esbuild%2fwin32-x64 152ms (cache miss)
102 silly packumentCache full:https://registry.npmjs.org/@esbuild%2fwin32-x64 set size:undefined disposed:false
103 silly fetch manifest @esbuild/android-x64@0.21.5
104 silly packumentCache full:https://registry.npmjs.org/@esbuild%2fandroid-x64 cache-miss
105 http fetch GET 200 https://registry.npmjs.org/@esbuild%2flinux-ia32 154ms (cache miss)
106 silly packumentCache full:https://registry.npmjs.org/@esbuild%2flinux-ia32 set size:undefined disposed:false
107 silly fetch manifest @esbuild/freebsd-x64@0.21.5
108 silly packumentCache full:https://registry.npmjs.org/@esbuild%2ffreebsd-x64 cache-miss
109 http fetch GET 200 https://registry.npmjs.org/@esbuild%2fdarwin-x64 157ms (cache miss)
110 silly packumentCache full:https://registry.npmjs.org/@esbuild%2fdarwin-x64 set size:undefined disposed:false
111 silly fetch manifest @esbuild/linux-arm64@0.21.5
112 silly packumentCache full:https://registry.npmjs.org/@esbuild%2flinux-arm64 cache-miss
113 http fetch GET 200 https://registry.npmjs.org/@esbuild%2fsunos-x64 164ms (cache miss)
114 silly packumentCache full:https://registry.npmjs.org/@esbuild%2fsunos-x64 set size:undefined disposed:false
115 silly fetch manifest @esbuild/linux-ppc64@0.21.5
116 silly packumentCache full:https://registry.npmjs.org/@esbuild%2flinux-ppc64 cache-miss
117 http fetch GET 200 https://registry.npmjs.org/@esbuild%2fnetbsd-x64 64ms (cache miss)
118 silly packumentCache full:https://registry.npmjs.org/@esbuild%2fnetbsd-x64 set size:undefined disposed:false
119 silly fetch manifest @esbuild/linux-s390x@0.21.5
120 silly packumentCache full:https://registry.npmjs.org/@esbuild%2flinux-s390x cache-miss
121 http fetch GET 200 https://registry.npmjs.org/@esbuild%2fwin32-ia32 66ms (cache miss)
122 silly packumentCache full:https://registry.npmjs.org/@esbuild%2fwin32-ia32 set size:undefined disposed:false
123 silly fetch manifest @esbuild/openbsd-x64@0.21.5
124 silly packumentCache full:https://registry.npmjs.org/@esbuild%2fopenbsd-x64 cache-miss
125 http fetch GET 200 https://registry.npmjs.org/@esbuild%2flinux-arm64 72ms (cache miss)
126 silly packumentCache full:https://registry.npmjs.org/@esbuild%2flinux-arm64 set size:undefined disposed:false
127 silly fetch manifest @esbuild/win32-arm64@0.21.5
128 silly packumentCache full:https://registry.npmjs.org/@esbuild%2fwin32-arm64 cache-miss
129 http fetch GET 200 https://registry.npmjs.org/@esbuild%2fandroid-x64 80ms (cache miss)
130 silly packumentCache full:https://registry.npmjs.org/@esbuild%2fandroid-x64 set size:undefined disposed:false
131 silly fetch manifest @esbuild/darwin-arm64@0.21.5
132 silly packumentCache full:https://registry.npmjs.org/@esbuild%2fdarwin-arm64 cache-miss
133 http fetch GET 200 https://registry.npmjs.org/@esbuild%2ffreebsd-x64 96ms (cache miss)
134 silly packumentCache full:https://registry.npmjs.org/@esbuild%2ffreebsd-x64 set size:undefined disposed:false
135 silly fetch manifest @esbuild/android-arm64@0.21.5
136 silly packumentCache full:https://registry.npmjs.org/@esbuild%2fandroid-arm64 cache-miss
137 http fetch GET 200 https://registry.npmjs.org/@esbuild%2fandroid-arm 115ms (cache miss)
138 silly packumentCache full:https://registry.npmjs.org/@esbuild%2fandroid-arm set size:undefined disposed:false
139 silly fetch manifest @esbuild/freebsd-arm64@0.21.5
140 silly packumentCache full:https://registry.npmjs.org/@esbuild%2ffreebsd-arm64 cache-miss
141 http fetch GET 200 https://registry.npmjs.org/@esbuild%2flinux-s390x 83ms (cache miss)
142 silly packumentCache full:https://registry.npmjs.org/@esbuild%2flinux-s390x set size:undefined disposed:false
143 silly fetch manifest @esbuild/linux-loong64@0.21.5
144 silly packumentCache full:https://registry.npmjs.org/@esbuild%2flinux-loong64 cache-miss
145 http fetch GET 200 https://registry.npmjs.org/@esbuild%2flinux-ppc64 108ms (cache miss)
146 silly packumentCache full:https://registry.npmjs.org/@esbuild%2flinux-ppc64 set size:undefined disposed:false
147 silly fetch manifest @esbuild/linux-riscv64@0.21.5
148 silly packumentCache full:https://registry.npmjs.org/@esbuild%2flinux-riscv64 cache-miss
149 http fetch GET 200 https://registry.npmjs.org/@esbuild%2fopenbsd-x64 72ms (cache miss)
150 silly packumentCache full:https://registry.npmjs.org/@esbuild%2fopenbsd-x64 set size:undefined disposed:false
151 silly fetch manifest @esbuild/linux-mips64el@0.21.5
152 silly packumentCache full:https://registry.npmjs.org/@esbuild%2flinux-mips64el cache-miss
153 http fetch GET 200 https://registry.npmjs.org/@esbuild%2fwin32-arm64 56ms (cache miss)
154 silly packumentCache full:https://registry.npmjs.org/@esbuild%2fwin32-arm64 set size:undefined disposed:false
155 silly fetch manifest nanoid@^3.3.8
156 silly packumentCache full:https://registry.npmjs.org/nanoid cache-miss
157 http fetch GET 200 https://registry.npmjs.org/@esbuild%2fdarwin-arm64 78ms (cache miss)
158 silly packumentCache full:https://registry.npmjs.org/@esbuild%2fdarwin-arm64 set size:undefined disposed:false
159 silly fetch manifest picocolors@^1.1.1
160 silly packumentCache full:https://registry.npmjs.org/picocolors cache-miss
161 http fetch GET 200 https://registry.npmjs.org/@esbuild%2fandroid-arm64 70ms (cache miss)
162 silly packumentCache full:https://registry.npmjs.org/@esbuild%2fandroid-arm64 set size:undefined disposed:false
163 silly fetch manifest source-map-js@^1.2.1
164 silly packumentCache full:https://registry.npmjs.org/source-map-js cache-miss
165 http fetch GET 200 https://registry.npmjs.org/@esbuild%2ffreebsd-arm64 75ms (cache miss)
166 silly packumentCache full:https://registry.npmjs.org/@esbuild%2ffreebsd-arm64 set size:undefined disposed:false
167 silly fetch manifest @types/estree@1.0.6
168 silly packumentCache full:https://registry.npmjs.org/@types%2festree cache-miss
169 http fetch GET 200 https://registry.npmjs.org/@esbuild%2flinux-riscv64 74ms (cache miss)
170 silly packumentCache full:https://registry.npmjs.org/@esbuild%2flinux-riscv64 set size:undefined disposed:false
171 silly fetch manifest @rollup/rollup-darwin-arm64@4.34.7
172 silly packumentCache full:https://registry.npmjs.org/@rollup%2frollup-darwin-arm64 cache-miss
173 http fetch GET 200 https://registry.npmjs.org/@esbuild%2flinux-loong64 84ms (cache miss)
174 silly packumentCache full:https://registry.npmjs.org/@esbuild%2flinux-loong64 set size:undefined disposed:false
175 silly fetch manifest @rollup/rollup-android-arm64@4.34.7
176 silly packumentCache full:https://registry.npmjs.org/@rollup%2frollup-android-arm64 cache-miss
177 http fetch GET 200 https://registry.npmjs.org/nanoid 68ms (cache miss)
178 silly packumentCache full:https://registry.npmjs.org/nanoid set size:undefined disposed:false
179 silly fetch manifest @rollup/rollup-win32-arm64-msvc@4.34.7
180 silly packumentCache full:https://registry.npmjs.org/@rollup%2frollup-win32-arm64-msvc cache-miss
181 http fetch GET 200 https://registry.npmjs.org/@esbuild%2flinux-mips64el 88ms (cache miss)
182 silly packumentCache full:https://registry.npmjs.org/@esbuild%2flinux-mips64el set size:undefined disposed:false
183 silly fetch manifest @rollup/rollup-freebsd-arm64@4.34.7
184 silly packumentCache full:https://registry.npmjs.org/@rollup%2frollup-freebsd-arm64 cache-miss
185 http fetch GET 200 https://registry.npmjs.org/picocolors 55ms (cache miss)
186 silly packumentCache full:https://registry.npmjs.org/picocolors set size:undefined disposed:false
187 silly fetch manifest @rollup/rollup-linux-arm64-gnu@4.34.7
188 silly packumentCache full:https://registry.npmjs.org/@rollup%2frollup-linux-arm64-gnu cache-miss
189 http fetch GET 200 https://registry.npmjs.org/@types%2festree 144ms (cache miss)
190 silly packumentCache full:https://registry.npmjs.org/@types%2festree set size:undefined disposed:false
191 silly fetch manifest @rollup/rollup-linux-arm64-musl@4.34.7
192 silly packumentCache full:https://registry.npmjs.org/@rollup%2frollup-linux-arm64-musl cache-miss
193 http fetch GET 200 https://registry.npmjs.org/source-map-js 160ms (cache miss)
194 silly packumentCache full:https://registry.npmjs.org/source-map-js set size:undefined disposed:false
195 silly fetch manifest @rollup/rollup-android-arm-eabi@4.34.7
196 silly packumentCache full:https://registry.npmjs.org/@rollup%2frollup-android-arm-eabi cache-miss
197 http fetch GET 200 https://registry.npmjs.org/@rollup%2frollup-android-arm64 140ms (cache miss)
198 silly packumentCache full:https://registry.npmjs.org/@rollup%2frollup-android-arm64 set size:undefined disposed:false
199 silly fetch manifest @rollup/rollup-linux-arm-gnueabihf@4.34.7
200 silly packumentCache full:https://registry.npmjs.org/@rollup%2frollup-linux-arm-gnueabihf cache-miss
201 http fetch GET 200 https://registry.npmjs.org/@rollup%2frollup-darwin-arm64 149ms (cache miss)
202 silly packumentCache full:https://registry.npmjs.org/@rollup%2frollup-darwin-arm64 set size:undefined disposed:false
203 silly fetch manifest @rollup/rollup-linux-arm-musleabihf@4.34.7
204 silly packumentCache full:https://registry.npmjs.org/@rollup%2frollup-linux-arm-musleabihf cache-miss
205 http fetch GET 200 https://registry.npmjs.org/@rollup%2frollup-win32-arm64-msvc 143ms (cache miss)
206 silly packumentCache full:https://registry.npmjs.org/@rollup%2frollup-win32-arm64-msvc set size:undefined disposed:false
207 silly fetch manifest @rollup/rollup-win32-ia32-msvc@4.34.7
208 silly packumentCache full:https://registry.npmjs.org/@rollup%2frollup-win32-ia32-msvc cache-miss
209 http fetch GET 200 https://registry.npmjs.org/@rollup%2frollup-freebsd-arm64 145ms (cache miss)
210 silly packumentCache full:https://registry.npmjs.org/@rollup%2frollup-freebsd-arm64 set size:undefined disposed:false
211 silly fetch manifest @rollup/rollup-linux-loongarch64-gnu@4.34.7
212 silly packumentCache full:https://registry.npmjs.org/@rollup%2frollup-linux-loongarch64-gnu cache-miss
213 http fetch GET 200 https://registry.npmjs.org/@rollup%2frollup-linux-arm64-gnu 144ms (cache miss)
214 silly packumentCache full:https://registry.npmjs.org/@rollup%2frollup-linux-arm64-gnu set size:undefined disposed:false
215 silly fetch manifest @rollup/rollup-linux-riscv64-gnu@4.34.7
216 silly packumentCache full:https://registry.npmjs.org/@rollup%2frollup-linux-riscv64-gnu cache-miss
217 http fetch GET 200 https://registry.npmjs.org/@rollup%2frollup-android-arm-eabi 56ms (cache miss)
218 silly packumentCache full:https://registry.npmjs.org/@rollup%2frollup-android-arm-eabi set size:undefined disposed:false
219 silly fetch manifest @rollup/rollup-linux-powerpc64le-gnu@4.34.7
220 silly packumentCache full:https://registry.npmjs.org/@rollup%2frollup-linux-powerpc64le-gnu cache-miss
221 http fetch GET 200 https://registry.npmjs.org/@rollup%2frollup-linux-loongarch64-gnu 51ms (cache miss)
222 silly packumentCache full:https://registry.npmjs.org/@rollup%2frollup-linux-loongarch64-gnu set size:undefined disposed:false
223 silly fetch manifest @rollup/rollup-linux-s390x-gnu@4.34.7
224 silly packumentCache full:https://registry.npmjs.org/@rollup%2frollup-linux-s390x-gnu cache-miss
225 http fetch GET 200 https://registry.npmjs.org/@rollup%2frollup-linux-arm-musleabihf 65ms (cache miss)
226 silly packumentCache full:https://registry.npmjs.org/@rollup%2frollup-linux-arm-musleabihf set size:undefined disposed:false
227 silly fetch manifest @rollup/rollup-darwin-x64@4.34.7
228 silly packumentCache full:https://registry.npmjs.org/@rollup%2frollup-darwin-x64 cache-miss
229 http fetch GET 200 https://registry.npmjs.org/@rollup%2frollup-linux-arm64-musl 88ms (cache miss)
230 silly packumentCache full:https://registry.npmjs.org/@rollup%2frollup-linux-arm64-musl set size:undefined disposed:false
231 silly fetch manifest @rollup/rollup-win32-x64-msvc@4.34.7
232 silly packumentCache full:https://registry.npmjs.org/@rollup%2frollup-win32-x64-msvc cache-miss
233 http fetch GET 200 https://registry.npmjs.org/@rollup%2frollup-linux-arm-gnueabihf 78ms (cache miss)
234 silly packumentCache full:https://registry.npmjs.org/@rollup%2frollup-linux-arm-gnueabihf set size:undefined disposed:false
235 silly fetch manifest @rollup/rollup-freebsd-x64@4.34.7
236 silly packumentCache full:https://registry.npmjs.org/@rollup%2frollup-freebsd-x64 cache-miss
237 http fetch GET 200 https://registry.npmjs.org/@rollup%2frollup-win32-ia32-msvc 76ms (cache miss)
238 silly packumentCache full:https://registry.npmjs.org/@rollup%2frollup-win32-ia32-msvc set size:undefined disposed:false
239 silly fetch manifest @rollup/rollup-linux-x64-gnu@4.34.7
240 silly packumentCache full:https://registry.npmjs.org/@rollup%2frollup-linux-x64-gnu cache-miss
241 http fetch GET 200 https://registry.npmjs.org/@rollup%2frollup-linux-riscv64-gnu 73ms (cache miss)
242 silly packumentCache full:https://registry.npmjs.org/@rollup%2frollup-linux-riscv64-gnu set size:undefined disposed:false
243 silly fetch manifest @rollup/rollup-linux-x64-musl@4.34.7
244 silly packumentCache full:https://registry.npmjs.org/@rollup%2frollup-linux-x64-musl cache-miss
245 http fetch GET 200 https://registry.npmjs.org/@rollup%2frollup-linux-powerpc64le-gnu 55ms (cache miss)
246 silly packumentCache full:https://registry.npmjs.org/@rollup%2frollup-linux-powerpc64le-gnu set size:undefined disposed:false
247 http fetch GET 200 https://registry.npmjs.org/@rollup%2frollup-linux-s390x-gnu 51ms (cache miss)
248 silly packumentCache full:https://registry.npmjs.org/@rollup%2frollup-linux-s390x-gnu set size:undefined disposed:false
249 http fetch GET 200 https://registry.npmjs.org/@rollup%2frollup-win32-x64-msvc 71ms (cache miss)
250 silly packumentCache full:https://registry.npmjs.org/@rollup%2frollup-win32-x64-msvc set size:undefined disposed:false
251 http fetch GET 200 https://registry.npmjs.org/@rollup%2frollup-darwin-x64 81ms (cache miss)
252 silly packumentCache full:https://registry.npmjs.org/@rollup%2frollup-darwin-x64 set size:undefined disposed:false
253 http fetch GET 200 https://registry.npmjs.org/@rollup%2frollup-linux-x64-gnu 63ms (cache miss)
254 silly packumentCache full:https://registry.npmjs.org/@rollup%2frollup-linux-x64-gnu set size:undefined disposed:false
255 http fetch GET 200 https://registry.npmjs.org/@rollup%2frollup-linux-x64-musl 63ms (cache miss)
256 silly packumentCache full:https://registry.npmjs.org/@rollup%2frollup-linux-x64-musl set size:undefined disposed:false
257 http fetch GET 200 https://registry.npmjs.org/@rollup%2frollup-freebsd-x64 261ms (cache miss)
258 silly packumentCache full:https://registry.npmjs.org/@rollup%2frollup-freebsd-x64 set size:undefined disposed:false
259 silly placeDep ROOT @esbuild/aix-ppc64@0.21.5 OK for: esbuild@0.21.5 want: 0.21.5
260 silly placeDep ROOT @esbuild/android-arm@0.21.5 OK for: esbuild@0.21.5 want: 0.21.5
261 silly placeDep ROOT @esbuild/android-arm64@0.21.5 OK for: esbuild@0.21.5 want: 0.21.5
262 silly placeDep ROOT @esbuild/android-x64@0.21.5 OK for: esbuild@0.21.5 want: 0.21.5
263 silly placeDep ROOT @esbuild/darwin-arm64@0.21.5 OK for: esbuild@0.21.5 want: 0.21.5
264 silly placeDep ROOT @esbuild/darwin-x64@0.21.5 OK for: esbuild@0.21.5 want: 0.21.5
265 silly placeDep ROOT @esbuild/freebsd-arm64@0.21.5 OK for: esbuild@0.21.5 want: 0.21.5
266 silly placeDep ROOT @esbuild/freebsd-x64@0.21.5 OK for: esbuild@0.21.5 want: 0.21.5
267 silly placeDep ROOT @esbuild/linux-arm@0.21.5 OK for: esbuild@0.21.5 want: 0.21.5
268 silly placeDep ROOT @esbuild/linux-arm64@0.21.5 OK for: esbuild@0.21.5 want: 0.21.5
269 silly placeDep ROOT @esbuild/linux-ia32@0.21.5 OK for: esbuild@0.21.5 want: 0.21.5
270 silly placeDep ROOT @esbuild/linux-loong64@0.21.5 OK for: esbuild@0.21.5 want: 0.21.5
271 silly placeDep ROOT @esbuild/linux-mips64el@0.21.5 OK for: esbuild@0.21.5 want: 0.21.5
272 silly placeDep ROOT @esbuild/linux-ppc64@0.21.5 OK for: esbuild@0.21.5 want: 0.21.5
273 silly placeDep ROOT @esbuild/linux-riscv64@0.21.5 OK for: esbuild@0.21.5 want: 0.21.5
274 silly placeDep ROOT @esbuild/linux-s390x@0.21.5 OK for: esbuild@0.21.5 want: 0.21.5
275 silly placeDep ROOT @esbuild/linux-x64@0.21.5 OK for: esbuild@0.21.5 want: 0.21.5
276 silly placeDep ROOT @esbuild/netbsd-x64@0.21.5 OK for: esbuild@0.21.5 want: 0.21.5
277 silly placeDep ROOT @esbuild/openbsd-x64@0.21.5 OK for: esbuild@0.21.5 want: 0.21.5
278 silly placeDep ROOT @esbuild/sunos-x64@0.21.5 OK for: esbuild@0.21.5 want: 0.21.5
279 silly placeDep ROOT @esbuild/win32-arm64@0.21.5 OK for: esbuild@0.21.5 want: 0.21.5
280 silly placeDep ROOT @esbuild/win32-ia32@0.21.5 OK for: esbuild@0.21.5 want: 0.21.5
281 silly placeDep ROOT @esbuild/win32-x64@0.21.5 OK for: esbuild@0.21.5 want: 0.21.5
282 silly placeDep ROOT nanoid@3.3.8 OK for: postcss@8.5.2 want: ^3.3.8
283 silly placeDep ROOT picocolors@1.1.1 OK for: postcss@8.5.2 want: ^1.1.1
284 silly placeDep ROOT source-map-js@1.2.1 OK for: postcss@8.5.2 want: ^1.2.1
285 silly placeDep ROOT @rollup/rollup-android-arm-eabi@4.34.7 OK for: rollup@4.34.7 want: 4.34.7
286 silly placeDep ROOT @rollup/rollup-android-arm64@4.34.7 OK for: rollup@4.34.7 want: 4.34.7
287 silly placeDep ROOT @rollup/rollup-darwin-arm64@4.34.7 OK for: rollup@4.34.7 want: 4.34.7
288 silly placeDep ROOT @rollup/rollup-darwin-x64@4.34.7 OK for: rollup@4.34.7 want: 4.34.7
289 silly placeDep ROOT @rollup/rollup-freebsd-arm64@4.34.7 OK for: rollup@4.34.7 want: 4.34.7
290 silly placeDep ROOT @rollup/rollup-freebsd-x64@4.34.7 OK for: rollup@4.34.7 want: 4.34.7
291 silly placeDep ROOT @rollup/rollup-linux-arm-gnueabihf@4.34.7 OK for: rollup@4.34.7 want: 4.34.7
292 silly placeDep ROOT @rollup/rollup-linux-arm-musleabihf@4.34.7 OK for: rollup@4.34.7 want: 4.34.7
293 silly placeDep ROOT @rollup/rollup-linux-arm64-gnu@4.34.7 OK for: rollup@4.34.7 want: 4.34.7
294 silly placeDep ROOT @rollup/rollup-linux-arm64-musl@4.34.7 OK for: rollup@4.34.7 want: 4.34.7
295 silly placeDep ROOT @rollup/rollup-linux-loongarch64-gnu@4.34.7 OK for: rollup@4.34.7 want: 4.34.7
296 silly placeDep ROOT @rollup/rollup-linux-powerpc64le-gnu@4.34.7 OK for: rollup@4.34.7 want: 4.34.7
297 silly placeDep ROOT @rollup/rollup-linux-riscv64-gnu@4.34.7 OK for: rollup@4.34.7 want: 4.34.7
298 silly placeDep ROOT @rollup/rollup-linux-s390x-gnu@4.34.7 OK for: rollup@4.34.7 want: 4.34.7
299 silly placeDep ROOT @rollup/rollup-linux-x64-gnu@4.34.7 OK for: rollup@4.34.7 want: 4.34.7
300 silly placeDep ROOT @rollup/rollup-linux-x64-musl@4.34.7 OK for: rollup@4.34.7 want: 4.34.7
301 silly placeDep ROOT @rollup/rollup-win32-arm64-msvc@4.34.7 OK for: rollup@4.34.7 want: 4.34.7
302 silly placeDep ROOT @rollup/rollup-win32-ia32-msvc@4.34.7 OK for: rollup@4.34.7 want: 4.34.7
303 silly placeDep ROOT @rollup/rollup-win32-x64-msvc@4.34.7 OK for: rollup@4.34.7 want: 4.34.7
304 silly placeDep ROOT @types/estree@1.0.6 OK for: rollup@4.34.7 want: 1.0.6
305 silly reify moves {}
306 silly audit bulk request {
306 silly audit   vite: [ '5.4.14' ],
306 silly audit   esbuild: [ '0.21.5' ],
306 silly audit   fsevents: [ '2.3.3' ],
306 silly audit   postcss: [ '8.5.2' ],
306 silly audit   rollup: [ '4.34.7' ],
306 silly audit   '@esbuild/aix-ppc64': [ '0.21.5' ],
306 silly audit   '@esbuild/android-arm': [ '0.21.5' ],
306 silly audit   '@esbuild/android-arm64': [ '0.21.5' ],
306 silly audit   '@esbuild/android-x64': [ '0.21.5' ],
306 silly audit   '@esbuild/darwin-arm64': [ '0.21.5' ],
306 silly audit   '@esbuild/darwin-x64': [ '0.21.5' ],
306 silly audit   '@esbuild/freebsd-arm64': [ '0.21.5' ],
306 silly audit   '@esbuild/freebsd-x64': [ '0.21.5' ],
306 silly audit   '@esbuild/linux-arm': [ '0.21.5' ],
306 silly audit   '@esbuild/linux-arm64': [ '0.21.5' ],
306 silly audit   '@esbuild/linux-ia32': [ '0.21.5' ],
306 silly audit   '@esbuild/linux-loong64': [ '0.21.5' ],
306 silly audit   '@esbuild/linux-mips64el': [ '0.21.5' ],
306 silly audit   '@esbuild/linux-ppc64': [ '0.21.5' ],
306 silly audit   '@esbuild/linux-riscv64': [ '0.21.5' ],
306 silly audit   '@esbuild/linux-s390x': [ '0.21.5' ],
306 silly audit   '@esbuild/linux-x64': [ '0.21.5' ],
306 silly audit   '@esbuild/netbsd-x64': [ '0.21.5' ],
306 silly audit   '@esbuild/openbsd-x64': [ '0.21.5' ],
306 silly audit   '@esbuild/sunos-x64': [ '0.21.5' ],
306 silly audit   '@esbuild/win32-arm64': [ '0.21.5' ],
306 silly audit   '@esbuild/win32-ia32': [ '0.21.5' ],
306 silly audit   '@esbuild/win32-x64': [ '0.21.5' ],
306 silly audit   nanoid: [ '3.3.8' ],
306 silly audit   picocolors: [ '1.1.1' ],
306 silly audit   'source-map-js': [ '1.2.1' ],
306 silly audit   '@rollup/rollup-android-arm-eabi': [ '4.34.7' ],
306 silly audit   '@rollup/rollup-android-arm64': [ '4.34.7' ],
306 silly audit   '@rollup/rollup-darwin-arm64': [ '4.34.7' ],
306 silly audit   '@rollup/rollup-darwin-x64': [ '4.34.7' ],
306 silly audit   '@rollup/rollup-freebsd-arm64': [ '4.34.7' ],
306 silly audit   '@rollup/rollup-freebsd-x64': [ '4.34.7' ],
306 silly audit   '@rollup/rollup-linux-arm-gnueabihf': [ '4.34.7' ],
306 silly audit   '@rollup/rollup-linux-arm-musleabihf': [ '4.34.7' ],
306 silly audit   '@rollup/rollup-linux-arm64-gnu': [ '4.34.7' ],
306 silly audit   '@rollup/rollup-linux-arm64-musl': [ '4.34.7' ],
306 silly audit   '@rollup/rollup-linux-loongarch64-gnu': [ '4.34.7' ],
306 silly audit   '@rollup/rollup-linux-powerpc64le-gnu': [ '4.34.7' ],
306 silly audit   '@rollup/rollup-linux-riscv64-gnu': [ '4.34.7' ],
306 silly audit   '@rollup/rollup-linux-s390x-gnu': [ '4.34.7' ],
306 silly audit   '@rollup/rollup-linux-x64-gnu': [ '4.34.7' ],
306 silly audit   '@rollup/rollup-linux-x64-musl': [ '4.34.7' ],
306 silly audit   '@rollup/rollup-win32-arm64-msvc': [ '4.34.7' ],
306 silly audit   '@rollup/rollup-win32-ia32-msvc': [ '4.34.7' ],
306 silly audit   '@rollup/rollup-win32-x64-msvc': [ '4.34.7' ],
306 silly audit   '@types/estree': [ '1.0.6' ]
306 silly audit }
307 verbose reify failed optional dependency /home/user/node_modules/@rollup/rollup-win32-x64-msvc
308 silly reify mark deleted [ '/home/user/node_modules/@rollup/rollup-win32-x64-msvc' ]
309 verbose reify failed optional dependency /home/user/node_modules/@rollup/rollup-win32-ia32-msvc
310 silly reify mark deleted [ '/home/user/node_modules/@rollup/rollup-win32-ia32-msvc' ]
311 verbose reify failed optional dependency /home/user/node_modules/@rollup/rollup-win32-arm64-msvc
312 silly reify mark deleted [ '/home/user/node_modules/@rollup/rollup-win32-arm64-msvc' ]
313 verbose reify failed optional dependency /home/user/node_modules/@rollup/rollup-linux-x64-musl
314 silly reify mark deleted [ '/home/user/node_modules/@rollup/rollup-linux-x64-musl' ]
315 verbose reify failed optional dependency /home/user/node_modules/@rollup/rollup-linux-s390x-gnu
316 silly reify mark deleted [ '/home/user/node_modules/@rollup/rollup-linux-s390x-gnu' ]
317 verbose reify failed optional dependency /home/user/node_modules/@rollup/rollup-linux-riscv64-gnu
318 silly reify mark deleted [ '/home/user/node_modules/@rollup/rollup-linux-riscv64-gnu' ]
319 verbose reify failed optional dependency /home/user/node_modules/@rollup/rollup-linux-powerpc64le-gnu
320 silly reify mark deleted [ '/home/user/node_modules/@rollup/rollup-linux-powerpc64le-gnu' ]
321 verbose reify failed optional dependency /home/user/node_modules/@rollup/rollup-linux-loongarch64-gnu
322 silly reify mark deleted [ '/home/user/node_modules/@rollup/rollup-linux-loongarch64-gnu' ]
323 verbose reify failed optional dependency /home/user/node_modules/@rollup/rollup-linux-arm64-musl
324 silly reify mark deleted [ '/home/user/node_modules/@rollup/rollup-linux-arm64-musl' ]
325 verbose reify failed optional dependency /home/user/node_modules/@rollup/rollup-linux-arm64-gnu
326 silly reify mark deleted [ '/home/user/node_modules/@rollup/rollup-linux-arm64-gnu' ]
327 verbose reify failed optional dependency /home/user/node_modules/@rollup/rollup-linux-arm-musleabihf
328 silly reify mark deleted [ '/home/user/node_modules/@rollup/rollup-linux-arm-musleabihf' ]
329 verbose reify failed optional dependency /home/user/node_modules/@rollup/rollup-linux-arm-gnueabihf
330 silly reify mark deleted [ '/home/user/node_modules/@rollup/rollup-linux-arm-gnueabihf' ]
331 verbose reify failed optional dependency /home/user/node_modules/@rollup/rollup-freebsd-x64
332 silly reify mark deleted [ '/home/user/node_modules/@rollup/rollup-freebsd-x64' ]
333 verbose reify failed optional dependency /home/user/node_modules/@rollup/rollup-freebsd-arm64
334 silly reify mark deleted [ '/home/user/node_modules/@rollup/rollup-freebsd-arm64' ]
335 verbose reify failed optional dependency /home/user/node_modules/@rollup/rollup-darwin-x64
336 silly reify mark deleted [ '/home/user/node_modules/@rollup/rollup-darwin-x64' ]
337 verbose reify failed optional dependency /home/user/node_modules/@rollup/rollup-darwin-arm64
338 silly reify mark deleted [ '/home/user/node_modules/@rollup/rollup-darwin-arm64' ]
339 verbose reify failed optional dependency /home/user/node_modules/@rollup/rollup-android-arm64
340 silly reify mark deleted [ '/home/user/node_modules/@rollup/rollup-android-arm64' ]
341 verbose reify failed optional dependency /home/user/node_modules/@rollup/rollup-android-arm-eabi
342 silly reify mark deleted [ '/home/user/node_modules/@rollup/rollup-android-arm-eabi' ]
343 verbose reify failed optional dependency /home/user/node_modules/@esbuild/win32-x64
344 silly reify mark deleted [ '/home/user/node_modules/@esbuild/win32-x64' ]
345 verbose reify failed optional dependency /home/user/node_modules/@esbuild/win32-ia32
346 silly reify mark deleted [ '/home/user/node_modules/@esbuild/win32-ia32' ]
347 verbose reify failed optional dependency /home/user/node_modules/@esbuild/win32-arm64
348 silly reify mark deleted [ '/home/user/node_modules/@esbuild/win32-arm64' ]
349 verbose reify failed optional dependency /home/user/node_modules/@esbuild/sunos-x64
350 silly reify mark deleted [ '/home/user/node_modules/@esbuild/sunos-x64' ]
351 verbose reify failed optional dependency /home/user/node_modules/@esbuild/openbsd-x64
352 silly reify mark deleted [ '/home/user/node_modules/@esbuild/openbsd-x64' ]
353 verbose reify failed optional dependency /home/user/node_modules/@esbuild/netbsd-x64
354 silly reify mark deleted [ '/home/user/node_modules/@esbuild/netbsd-x64' ]
355 verbose reify failed optional dependency /home/user/node_modules/@esbuild/linux-s390x
356 silly reify mark deleted [ '/home/user/node_modules/@esbuild/linux-s390x' ]
357 verbose reify failed optional dependency /home/user/node_modules/@esbuild/linux-riscv64
358 silly reify mark deleted [ '/home/user/node_modules/@esbuild/linux-riscv64' ]
359 verbose reify failed optional dependency /home/user/node_modules/@esbuild/linux-ppc64
360 silly reify mark deleted [ '/home/user/node_modules/@esbuild/linux-ppc64' ]
361 verbose reify failed optional dependency /home/user/node_modules/@esbuild/linux-mips64el
362 silly reify mark deleted [ '/home/user/node_modules/@esbuild/linux-mips64el' ]
363 verbose reify failed optional dependency /home/user/node_modules/@esbuild/linux-loong64
364 silly reify mark deleted [ '/home/user/node_modules/@esbuild/linux-loong64' ]
365 verbose reify failed optional dependency /home/user/node_modules/@esbuild/linux-ia32
366 silly reify mark deleted [ '/home/user/node_modules/@esbuild/linux-ia32' ]
367 verbose reify failed optional dependency /home/user/node_modules/@esbuild/linux-arm64
368 silly reify mark deleted [ '/home/user/node_modules/@esbuild/linux-arm64' ]
369 verbose reify failed optional dependency /home/user/node_modules/@esbuild/linux-arm
370 silly reify mark deleted [ '/home/user/node_modules/@esbuild/linux-arm' ]
371 verbose reify failed optional dependency /home/user/node_modules/@esbuild/freebsd-x64
372 silly reify mark deleted [ '/home/user/node_modules/@esbuild/freebsd-x64' ]
373 verbose reify failed optional dependency /home/user/node_modules/@esbuild/freebsd-arm64
374 silly reify mark deleted [ '/home/user/node_modules/@esbuild/freebsd-arm64' ]
375 verbose reify failed optional dependency /home/user/node_modules/@esbuild/darwin-x64
376 silly reify mark deleted [ '/home/user/node_modules/@esbuild/darwin-x64' ]
377 verbose reify failed optional dependency /home/user/node_modules/@esbuild/darwin-arm64
378 silly reify mark deleted [ '/home/user/node_modules/@esbuild/darwin-arm64' ]
379 verbose reify failed optional dependency /home/user/node_modules/@esbuild/android-x64
380 silly reify mark deleted [ '/home/user/node_modules/@esbuild/android-x64' ]
381 verbose reify failed optional dependency /home/user/node_modules/@esbuild/android-arm64
382 silly reify mark deleted [ '/home/user/node_modules/@esbuild/android-arm64' ]
383 verbose reify failed optional dependency /home/user/node_modules/@esbuild/android-arm
384 silly reify mark deleted [ '/home/user/node_modules/@esbuild/android-arm' ]
385 verbose reify failed optional dependency /home/user/node_modules/@esbuild/aix-ppc64
386 silly reify mark deleted [ '/home/user/node_modules/@esbuild/aix-ppc64' ]
387 verbose reify failed optional dependency /home/user/node_modules/fsevents
388 silly reify mark deleted [ '/home/user/node_modules/fsevents' ]
389 silly tarball no local data for @types/estree@https://registry.npmjs.org/@types/estree/-/estree-1.0.6.tgz. Extracting by manifest.
390 silly tarball no local data for @rollup/rollup-linux-x64-gnu@https://registry.npmjs.org/@rollup/rollup-linux-x64-gnu/-/rollup-linux-x64-gnu-4.34.7.tgz. Extracting by manifest.
391 silly tarball no local data for picocolors@https://registry.npmjs.org/picocolors/-/picocolors-1.1.1.tgz. Extracting by manifest.
392 silly tarball no local data for nanoid@https://registry.npmjs.org/nanoid/-/nanoid-3.3.8.tgz. Extracting by manifest.
393 silly tarball no local data for rollup@https://registry.npmjs.org/rollup/-/rollup-4.34.7.tgz. Extracting by manifest.
394 silly tarball no local data for source-map-js@https://registry.npmjs.org/source-map-js/-/source-map-js-1.2.1.tgz. Extracting by manifest.
395 silly tarball no local data for @esbuild/linux-x64@https://registry.npmjs.org/@esbuild/linux-x64/-/linux-x64-0.21.5.tgz. Extracting by manifest.
396 silly tarball no local data for esbuild@https://registry.npmjs.org/esbuild/-/esbuild-0.21.5.tgz. Extracting by manifest.
397 silly tarball no local data for postcss@https://registry.npmjs.org/postcss/-/postcss-8.5.2.tgz. Extracting by manifest.
398 silly tarball no local data for vite@https://registry.npmjs.org/vite/-/vite-5.4.14.tgz. Extracting by manifest.
399 http fetch POST 200 https://registry.npmjs.org/-/npm/v1/security/advisories/bulk 243ms
400 silly audit report {}
401 http fetch GET 200 https://registry.npmjs.org/@types/estree/-/estree-1.0.6.tgz 135ms (cache miss)
402 http fetch GET 200 https://registry.npmjs.org/nanoid/-/nanoid-3.3.8.tgz 155ms (cache miss)
403 http fetch GET 200 https://registry.npmjs.org/picocolors/-/picocolors-1.1.1.tgz 157ms (cache miss)
404 http fetch GET 200 https://registry.npmjs.org/source-map-js/-/source-map-js-1.2.1.tgz 183ms (cache miss)
405 http fetch GET 200 https://registry.npmjs.org/esbuild/-/esbuild-0.21.5.tgz 227ms (cache miss)
406 http fetch GET 200 https://registry.npmjs.org/postcss/-/postcss-8.5.2.tgz 286ms (cache miss)
407 http fetch GET 200 https://registry.npmjs.org/@rollup/rollup-linux-x64-gnu/-/rollup-linux-x64-gnu-4.34.7.tgz 347ms (cache miss)
408 http fetch GET 200 https://registry.npmjs.org/rollup/-/rollup-4.34.7.tgz 369ms (cache miss)
409 http fetch GET 200 https://registry.npmjs.org/vite/-/vite-5.4.14.tgz 402ms (cache miss)
410 http fetch GET 200 https://registry.npmjs.org/@esbuild/linux-x64/-/linux-x64-0.21.5.tgz 611ms (cache miss)
411 info run esbuild@0.21.5 postinstall node_modules/esbuild node install.js
412 info run esbuild@0.21.5 postinstall { code: 0, signal: null }
413 silly ADD node_modules/@types/estree
414 silly ADD
415 silly ADD
416 silly ADD
417 silly ADD
418 silly ADD node_modules/@rollup/rollup-linux-x64-gnu
419 silly ADD
420 silly ADD
421 silly ADD
422 silly ADD
423 silly ADD
424 silly ADD
425 silly ADD
426 silly ADD
427 silly ADD
428 silly ADD
429 silly ADD
430 silly ADD
431 silly ADD
432 silly ADD
433 silly ADD node_modules/source-map-js
434 silly ADD node_modules/picocolors
435 silly ADD node_modules/nanoid
436 silly ADD
437 silly ADD
438 silly ADD
439 silly ADD
440 silly ADD
441 silly ADD
442 silly ADD node_modules/@esbuild/linux-x64
443 silly ADD
444 silly ADD
445 silly ADD
446 silly ADD
447 silly ADD
448 silly ADD
449 silly ADD
450 silly ADD
451 silly ADD
452 silly ADD
453 silly ADD
454 silly ADD
455 silly ADD
456 silly ADD
457 silly ADD
458 silly ADD
459 silly ADD node_modules/rollup
460 silly ADD node_modules/postcss
461 silly ADD
462 silly ADD node_modules/esbuild
463 silly ADD node_modules/vite
464 verbose cwd /home/user
465 verbose os Linux 6.1.102
466 verbose node v20.18.0
467 verbose npm  v10.8.2
468 notice
468 notice New [31mmajor[39m version of npm available! [31m10.8.2[39m -> [34m11.1.0[39m
468 notice Changelog: [34mhttps://github.com/npm/cli/releases/tag/v11.1.0[39m
468 notice To update run: [4mnpm install -g npm@11.1.0[24m
468 notice  { force: true, [Symbol(proc-log.meta)]: true }
469 verbose exit 0
470 info ok
